Using pre-set license
Built from '2021.2/staging' branch; Version is '2021.2.5f1 (4ec9a5e799f5) revision 5163429'; Using compiler version '192829333'; Build Type 'Release'
OS: 'Windows 10  (10.0.18363) 64bit Professional' Language: 'es' Physical Memory: 16325 MB
BatchMode: 1, IsHumanControllingUs: 0, StartBugReporterOnCrash: 0, Is64bit: 1, IsPro: 0

COMMAND LINE ARGUMENTS:
D:\Unitys\2021.2.5f1\Editor\Unity.exe
-adb2
-batchMode
-noUpm
-name
AssetImportWorker2
-projectPath
D:/GithubRepository/Basic-initial
-logFile
Logs/AssetImportWorker2.log
-srvPort
49711
Successfully changed project path to: D:/GithubRepository/Basic-initial
D:/GithubRepository/Basic-initial
[UnityMemory] Configuration Parameters - Can be set up in boot.config
    "memorysetup-bucket-allocator-granularity=16"
    "memorysetup-bucket-allocator-bucket-count=8"
    "memorysetup-bucket-allocator-block-size=33554432"
    "memorysetup-bucket-allocator-block-count=8"
    "memorysetup-main-allocator-block-size=16777216"
    "memorysetup-thread-allocator-block-size=16777216"
    "memorysetup-gfx-main-allocator-block-size=16777216"
    "memorysetup-gfx-thread-allocator-block-size=16777216"
    "memorysetup-cache-allocator-block-size=4194304"
    "memorysetup-typetree-allocator-block-size=2097152"
    "memorysetup-profiler-bucket-allocator-granularity=16"
    "memorysetup-profiler-bucket-allocator-bucket-count=8"
    "memorysetup-profiler-bucket-allocator-block-size=33554432"
    "memorysetup-profiler-bucket-allocator-block-count=8"
    "memorysetup-profiler-allocator-block-size=16777216"
    "memorysetup-profiler-editor-allocator-block-size=1048576"
    "memorysetup-temp-allocator-size-main=16777216"
    "memorysetup-job-temp-allocator-block-size=2097152"
    "memorysetup-job-temp-allocator-block-size-background=1048576"
    "memorysetup-job-temp-allocator-reduction-small-platforms=262144"
    "memorysetup-temp-allocator-size-background-worker=32768"
    "memorysetup-temp-allocator-size-job-worker=262144"
    "memorysetup-temp-allocator-size-preload-manager=33554432"
    "memorysetup-temp-allocator-size-nav-mesh-worker=65536"
    "memorysetup-temp-allocator-size-audio-worker=65536"
    "memorysetup-temp-allocator-size-cloud-worker=32768"
    "memorysetup-temp-allocator-size-gi-baking-worker=262144"
    "memorysetup-temp-allocator-size-gfx=262144"
Refreshing native plugins compatible for Editor in 75.56 ms, found 3 plugins.
Preloading 0 native plugins for Editor in 0.00 ms.
Initialize engine version: 2021.2.5f1 (4ec9a5e799f5)
[Subsystems] Discovering subsystems at path D:/Unitys/2021.2.5f1/Editor/Data/Resources/UnitySubsystems
[Subsystems] Discovering subsystems at path D:/GithubRepository/Basic-initial/Assets
GfxDevice: creating device client; threaded=0; jobified=0
Direct3D:
    Version:  Direct3D 11.0 [level 11.1]
    Renderer: NVIDIA GeForce GTX 1060 3GB (ID=0x1c02)
    Vendor:   NVIDIA
    VRAM:     2988 MB
    Driver:   30.0.14.7247
Initialize mono
Mono path[0] = 'D:/Unitys/2021.2.5f1/Editor/Data/Managed'
Mono path[1] = 'D:/Unitys/2021.2.5f1/Editor/Data/MonoBleedingEdge/lib/mono/unityjit-win32'
Mono config path = 'D:/Unitys/2021.2.5f1/Editor/Data/MonoBleedingEdge/etc'
Using monoOptions --debugger-agent=transport=dt_socket,embedding=1,server=y,suspend=n,address=127.0.0.1:56456
Begin MonoManager ReloadAssembly
Registering precompiled unity dll's ...
Register platform support module: D:/Unitys/2021.2.5f1/Editor/Data/PlaybackEngines/WebGLSupport/UnityEditor.WebGL.Extensions.dll
Register platform support module: D:/Unitys/2021.2.5f1/Editor/Data/PlaybackEngines/WindowsStandaloneSupport/UnityEditor.WindowsStandalone.Extensions.dll
Registered in 0.002361 seconds.
Native extension for WindowsStandalone target not found
Native extension for WebGL target not found
Refreshing native plugins compatible for Editor in 73.90 ms, found 3 plugins.
Preloading 0 native plugins for Editor in 0.00 ms.
Mono: successfully reloaded assembly
- Completed reload, in  0.635 seconds
Domain Reload Profiling:
	ReloadAssembly (636ms)
		BeginReloadAssembly (75ms)
			ExecutionOrderSort (0ms)
			DisableScriptedObjects (0ms)
			BackupInstance (0ms)
			ReleaseScriptingObjects (0ms)
			CreateAndSetChildDomain (1ms)
		EndReloadAssembly (487ms)
			LoadAssemblies (75ms)
			RebuildTransferFunctionScriptingTraits (0ms)
			SetupTypeCache (109ms)
			ReleaseScriptCaches (0ms)
			RebuildScriptCaches (32ms)
			SetupLoadedEditorAssemblies (295ms)
				LogAssemblyErrors (0ms)
				InitializePlatformSupportModulesInManaged (16ms)
				SetLoadedEditorAssemblies (0ms)
				RefreshPlugins (74ms)
				BeforeProcessingInitializeOnLoad (1ms)
				ProcessInitializeOnLoadAttributes (154ms)
				ProcessInitializeOnLoadMethodAttributes (49ms)
				AfterProcessingInitializeOnLoad (0ms)
				EditorAssembliesLoaded (0ms)
			ExecutionOrderSort2 (0ms)
			AwakeInstancesAfterBackupRestoration (0ms)
Platform modules already initialized, skipping
Registering precompiled user dll's ...
Registered in 0.004188 seconds.
Begin MonoManager ReloadAssembly
Symbol file LoadedFromMemory doesn't match image D:\GithubRepository\Basic-initial\Library\PackageCache\com.unity.visualscripting@1.7.5\Editor\VisualScripting.Core\Dependencies\YamlDotNet\Unity.VisualScripting.YamlDotNet.dll
Symbol file LoadedFromMemory doesn't match image D:\GithubRepository\Basic-initial\Library\PackageCache\com.unity.visualscripting@1.7.5\Editor\VisualScripting.Core\Dependencies\DotNetZip\Unity.VisualScripting.IonicZip.dll
Native extension for WindowsStandalone target not found
Native extension for WebGL target not found
Refreshing native plugins compatible for Editor in 0.49 ms, found 3 plugins.
Preloading 0 native plugins for Editor in 0.00 ms.
Mono: successfully reloaded assembly
- Completed reload, in  1.095 seconds
Domain Reload Profiling:
	ReloadAssembly (1096ms)
		BeginReloadAssembly (187ms)
			ExecutionOrderSort (0ms)
			DisableScriptedObjects (7ms)
			BackupInstance (0ms)
			ReleaseScriptingObjects (0ms)
			CreateAndSetChildDomain (22ms)
		EndReloadAssembly (813ms)
			LoadAssemblies (77ms)
			RebuildTransferFunctionScriptingTraits (0ms)
			SetupTypeCache (231ms)
			ReleaseScriptCaches (1ms)
			RebuildScriptCaches (50ms)
			SetupLoadedEditorAssemblies (350ms)
				LogAssemblyErrors (0ms)
				InitializePlatformSupportModulesInManaged (12ms)
				SetLoadedEditorAssemblies (0ms)
				RefreshPlugins (1ms)
				BeforeProcessingInitializeOnLoad (73ms)
				ProcessInitializeOnLoadAttributes (238ms)
				ProcessInitializeOnLoadMethodAttributes (24ms)
				AfterProcessingInitializeOnLoad (3ms)
				EditorAssembliesLoaded (0ms)
			ExecutionOrderSort2 (0ms)
			AwakeInstancesAfterBackupRestoration (7ms)
Platform modules already initialized, skipping
========================================================================
Worker process is ready to serve import requests
Launched and connected shader compiler UnityShaderCompiler.exe after 0.56 seconds
Refreshing native plugins compatible for Editor in 0.58 ms, found 3 plugins.
Preloading 0 native plugins for Editor in 0.00 ms.
Unloading 3091 Unused Serialized files (Serialized files now loaded: 0)
Unloading 23 unused Assets / (55.6 KB). Loaded Objects now: 3554.
Memory consumption went from 111.3 MB to 111.2 MB.
Total: 4.298500 ms (FindLiveObjects: 0.493600 ms CreateObjectMapping: 0.285700 ms MarkObjects: 3.384500 ms  DeleteObjects: 0.133700 ms)

AssetImportParameters requested are different than current active one (requested -> active):
  custom:video-decoder-ogg-theora: a1e56fd34408186e4bbccfd4996cb3dc -> 
  custom:container-muxer-webm: aa71ff27fc2769a1b78a27578f13a17b -> 
  custom:container-demuxer-webm: 4f35f7cbe854078d1ac9338744f61a02 -> 
  custom:video-encoder-webm-vp8: eb34c28f22e8b96e1ab97ce403110664 -> 
  custom:video-codec-MediaFoundation-h265: 746d11721c4dcdbdad8f713fa42b33f4 -> 
  custom:audio-encoder-webm-vorbis: bf7c407c2cedff20999df2af8eb42d56 -> 
  custom:framework-win-MediaFoundation: 216162199b28c13a410421893ffa2e32 -> 
  custom:container-demuxer-ogg: 62fdf1f143b41e24485cea50d1cbac27 -> 
  custom:video-decoder-webm-vp8: 9c59270c3fd7afecdb556c50c9e8de78 -> 
  custom:audio-decoder-ogg-vorbis: bf7c407c2cedff20999df2af8eb42d56 -> 
========================================================================
Received Import Request.
  Time since last request: 1541953.977232 seconds.
  path: Assets/Scenes/00. Assets_GameObject_Inspector.unity
  artifactKey: Guid(76f71a5dab03f42caa7d01979911c8e5) Importer(815301076,1909f56bfc062723c751e8b465ee728b)
Start importing Assets/Scenes/00. Assets_GameObject_Inspector.unity using Guid(76f71a5dab03f42caa7d01979911c8e5) Importer(815301076,1909f56bfc062723c751e8b465ee728b)  -> (artifact id: 'f38f1800e0c5743bd50b17aea6f8ac62') in 0.024747 seconds 
========================================================================
Received Import Request.
  Time since last request: 10.819340 seconds.
  path: Assets/Scenes/00. Assets_GameObject_Inspector 1.unity
  artifactKey: Guid(afb396ba5da9d8c48b9bcdf011fdfa6b) Importer(815301076,1909f56bfc062723c751e8b465ee728b)
Start importing Assets/Scenes/00. Assets_GameObject_Inspector 1.unity using Guid(afb396ba5da9d8c48b9bcdf011fdfa6b) Importer(815301076,1909f56bfc062723c751e8b465ee728b)  -> (artifact id: 'd45f149476fd4622625aa2495a89489f') in 0.008043 seconds 
========================================================================
Received Import Request.
  Time since last request: 32.888437 seconds.
  path: Assets/Scenes/01. Materiales.unity
  artifactKey: Guid(afb396ba5da9d8c48b9bcdf011fdfa6b) Importer(815301076,1909f56bfc062723c751e8b465ee728b)
Start importing Assets/Scenes/01. Materiales.unity using Guid(afb396ba5da9d8c48b9bcdf011fdfa6b) Importer(815301076,1909f56bfc062723c751e8b465ee728b)  -> (artifact id: '376a300eca42f103901e3b386985c63b') in 0.008999 seconds 
========================================================================
Received Import Request.
  Time since last request: 67.144220 seconds.
  path: Assets/Materials/Texturizados/net3color.mat
  artifactKey: Guid(303d4559033ba1540aab58e76cf23a18) Importer(815301076,1909f56bfc062723c751e8b465ee728b)
Start importing Assets/Materials/Texturizados/net3color.mat using Guid(303d4559033ba1540aab58e76cf23a18) Importer(815301076,1909f56bfc062723c751e8b465ee728b)  -> (artifact id: 'd924fe6e66accd4df545d4952c45bcbe') in 0.188519 seconds 
========================================================================
Received Import Request.
  Time since last request: 38.000949 seconds.
  path: Assets/Image/textures/net3color.png
  artifactKey: Guid(3adaf96807fbd5248a088ea674a4c753) Importer(815301076,1909f56bfc062723c751e8b465ee728b)
Start importing Assets/Image/textures/net3color.png using Guid(3adaf96807fbd5248a088ea674a4c753) Importer(815301076,1909f56bfc062723c751e8b465ee728b)  -> (artifact id: 'c433e87e33f6221480aba7972452be82') in 0.025597 seconds 
========================================================================
Received Import Request.
  Time since last request: 23.606150 seconds.
  path: Assets/Image/textures/RedTrama.png
  artifactKey: Guid(3adaf96807fbd5248a088ea674a4c753) Importer(815301076,1909f56bfc062723c751e8b465ee728b)
Start importing Assets/Image/textures/RedTrama.png using Guid(3adaf96807fbd5248a088ea674a4c753) Importer(815301076,1909f56bfc062723c751e8b465ee728b)  -> (artifact id: '9033cf38c92c387b1f3a4b3f7aadefe3') in 0.029855 seconds 
========================================================================
Received Import Request.
  Time since last request: 28.153921 seconds.
  path: Assets/Prefabs/New Terrain 1.asset
  artifactKey: Guid(13d174f16becceb4b8b89aad415abcb8) Importer(815301076,1909f56bfc062723c751e8b465ee728b)
Start importing Assets/Prefabs/New Terrain 1.asset using Guid(13d174f16becceb4b8b89aad415abcb8) Importer(815301076,1909f56bfc062723c751e8b465ee728b) 
=================================================================
	Native Crash Reporting
=================================================================
Got a UNKNOWN while executing native code. This usually indicates
a fatal error in the mono runtime or one of the native libraries 
used by your application.
=================================================================

=================================================================
	Managed Stacktrace:
=================================================================
=================================================================
Received signal SIGSEGV
Obtained 29 stack frames
0x00007ff739471e59 (Unity) CreateAssetToGUIDMappingV2
0x00007ff73940f2ca (Unity) AssetDatabase::CreateAssetToGUIDMapping
0x00007ff738935a8f (Unity) SplatDatabase::CreateTerrainLayerAsset
0x00007ff738933d50 (Unity) SplatDatabase::ConvertSplatsToTerrainLayers
0x00007ff73893061c (Unity) SplatDatabase::AwakeFromLoad
0x00007ff738962306 (Unity) TerrainData::AwakeFromLoad
0x00007ff7381a8aaf (Unity) AwakeFromLoadQueue::InvokePersistentManagerAwake
0x00007ff7381a951c (Unity) AwakeFromLoadQueue::PersistentManagerAwakeFromLoad
0x00007ff7381a9673 (Unity) AwakeFromLoadQueue::PersistentManagerAwakeFromLoad
0x00007ff73817bf2f (Unity) PersistentManager::IntegrateAllThreadedObjects
0x00007ff73817c997 (Unity) PersistentManager::LoadAndIntegrateAllPreallocatedObjects
0x00007ff738180852 (Unity) PersistentManager::ReadObject
0x00007ff739401201 (Unity) WritePreviews
0x00007ff7393f96e5 (Unity) PreviewImporter::GenerateAssetData
0x00007ff7394b4169 (Unity) ImportToObjects
0x00007ff7394b30d3 (Unity) ImportAsset
0x00007ff73943cb3d (Unity) AssetImportWorker::Import
0x00007ff73946b70d (Unity) <lambda_ca53b573172fc28aace6b3c957685a93>::operator()
0x00007ff7394ff9f2 (Unity) asio::detail::completion_handler<core::mutable_function<void __cdecl(void)> >::do_complete
0x00007ff739501c7d (Unity) asio::detail::win_iocp_io_service::do_one
0x00007ff73950509e (Unity) asio::io_service::run
0x00007ff7394fde91 (Unity) IOService::Run
0x00007ff739497588 (Unity) RunAssetImportWorkerClientV2
0x00007ff73949765b (Unity) RunAssetImporterV2
0x00007ff738cdedac (Unity) Application::InitializeProject
0x00007ff739129de8 (Unity) WinMain
0x00007ff73a4392c2 (Unity) __scrt_common_main_seh
0x00007ffdaa667c24 (KERNEL32) BaseThreadInitThunk
0x00007ffdab58d721 (ntdll) RtlUserThreadStart

