Using pre-set license
Built from '2021.2/staging' branch; Version is '2021.2.5f1 (4ec9a5e799f5) revision 5163429'; Using compiler version '192829333'; Build Type 'Release'
OS: 'Windows 10  (10.0.18363) 64bit Professional' Language: 'es' Physical Memory: 16325 MB
BatchMode: 1, IsHumanControllingUs: 0, StartBugReporterOnCrash: 0, Is64bit: 1, IsPro: 0

COMMAND LINE ARGUMENTS:
D:\Unitys\2021.2.5f1\Editor\Unity.exe
-adb2
-batchMode
-noUpm
-name
AssetImportWorker1
-projectPath
D:/GithubRepository/Basic-initial
-logFile
Logs/AssetImportWorker1.log
-srvPort
49711
Successfully changed project path to: D:/GithubRepository/Basic-initial
D:/GithubRepository/Basic-initial
[UnityMemory] Configuration Parameters - Can be set up in boot.config
    "memorysetup-bucket-allocator-granularity=16"
    "memorysetup-bucket-allocator-bucket-count=8"
    "memorysetup-bucket-allocator-block-size=33554432"
    "memorysetup-bucket-allocator-block-count=8"
    "memorysetup-main-allocator-block-size=16777216"
    "memorysetup-thread-allocator-block-size=16777216"
    "memorysetup-gfx-main-allocator-block-size=16777216"
    "memorysetup-gfx-thread-allocator-block-size=16777216"
    "memorysetup-cache-allocator-block-size=4194304"
    "memorysetup-typetree-allocator-block-size=2097152"
    "memorysetup-profiler-bucket-allocator-granularity=16"
    "memorysetup-profiler-bucket-allocator-bucket-count=8"
    "memorysetup-profiler-bucket-allocator-block-size=33554432"
    "memorysetup-profiler-bucket-allocator-block-count=8"
    "memorysetup-profiler-allocator-block-size=16777216"
    "memorysetup-profiler-editor-allocator-block-size=1048576"
    "memorysetup-temp-allocator-size-main=16777216"
    "memorysetup-job-temp-allocator-block-size=2097152"
    "memorysetup-job-temp-allocator-block-size-background=1048576"
    "memorysetup-job-temp-allocator-reduction-small-platforms=262144"
    "memorysetup-temp-allocator-size-background-worker=32768"
    "memorysetup-temp-allocator-size-job-worker=262144"
    "memorysetup-temp-allocator-size-preload-manager=33554432"
    "memorysetup-temp-allocator-size-nav-mesh-worker=65536"
    "memorysetup-temp-allocator-size-audio-worker=65536"
    "memorysetup-temp-allocator-size-cloud-worker=32768"
    "memorysetup-temp-allocator-size-gi-baking-worker=262144"
    "memorysetup-temp-allocator-size-gfx=262144"
Refreshing native plugins compatible for Editor in 82.78 ms, found 3 plugins.
Preloading 0 native plugins for Editor in 0.00 ms.
Initialize engine version: 2021.2.5f1 (4ec9a5e799f5)
[Subsystems] Discovering subsystems at path D:/Unitys/2021.2.5f1/Editor/Data/Resources/UnitySubsystems
[Subsystems] Discovering subsystems at path D:/GithubRepository/Basic-initial/Assets
GfxDevice: creating device client; threaded=0; jobified=0
Direct3D:
    Version:  Direct3D 11.0 [level 11.1]
    Renderer: NVIDIA GeForce GTX 1060 3GB (ID=0x1c02)
    Vendor:   NVIDIA
    VRAM:     2988 MB
    Driver:   30.0.14.7247
Initialize mono
Mono path[0] = 'D:/Unitys/2021.2.5f1/Editor/Data/Managed'
Mono path[1] = 'D:/Unitys/2021.2.5f1/Editor/Data/MonoBleedingEdge/lib/mono/unityjit-win32'
Mono config path = 'D:/Unitys/2021.2.5f1/Editor/Data/MonoBleedingEdge/etc'
Using monoOptions --debugger-agent=transport=dt_socket,embedding=1,server=y,suspend=n,address=127.0.0.1:56404
Begin MonoManager ReloadAssembly
Registering precompiled unity dll's ...
Register platform support module: D:/Unitys/2021.2.5f1/Editor/Data/PlaybackEngines/WebGLSupport/UnityEditor.WebGL.Extensions.dll
Register platform support module: D:/Unitys/2021.2.5f1/Editor/Data/PlaybackEngines/WindowsStandaloneSupport/UnityEditor.WindowsStandalone.Extensions.dll
Registered in 0.002453 seconds.
Native extension for WindowsStandalone target not found
Native extension for WebGL target not found
Refreshing native plugins compatible for Editor in 80.47 ms, found 3 plugins.
Preloading 0 native plugins for Editor in 0.00 ms.
Mono: successfully reloaded assembly
- Completed reload, in  0.688 seconds
Domain Reload Profiling:
	ReloadAssembly (688ms)
		BeginReloadAssembly (80ms)
			ExecutionOrderSort (0ms)
			DisableScriptedObjects (0ms)
			BackupInstance (0ms)
			ReleaseScriptingObjects (0ms)
			CreateAndSetChildDomain (1ms)
		EndReloadAssembly (528ms)
			LoadAssemblies (79ms)
			RebuildTransferFunctionScriptingTraits (0ms)
			SetupTypeCache (116ms)
			ReleaseScriptCaches (0ms)
			RebuildScriptCaches (34ms)
			SetupLoadedEditorAssemblies (323ms)
				LogAssemblyErrors (0ms)
				InitializePlatformSupportModulesInManaged (17ms)
				SetLoadedEditorAssemblies (0ms)
				RefreshPlugins (81ms)
				BeforeProcessingInitializeOnLoad (1ms)
				ProcessInitializeOnLoadAttributes (169ms)
				ProcessInitializeOnLoadMethodAttributes (55ms)
				AfterProcessingInitializeOnLoad (0ms)
				EditorAssembliesLoaded (0ms)
			ExecutionOrderSort2 (0ms)
			AwakeInstancesAfterBackupRestoration (0ms)
Platform modules already initialized, skipping
Registering precompiled user dll's ...
Registered in 0.004454 seconds.
Begin MonoManager ReloadAssembly
Symbol file LoadedFromMemory doesn't match image D:\GithubRepository\Basic-initial\Library\PackageCache\com.unity.visualscripting@1.7.5\Editor\VisualScripting.Core\Dependencies\YamlDotNet\Unity.VisualScripting.YamlDotNet.dll
Symbol file LoadedFromMemory doesn't match image D:\GithubRepository\Basic-initial\Library\PackageCache\com.unity.visualscripting@1.7.5\Editor\VisualScripting.Core\Dependencies\DotNetZip\Unity.VisualScripting.IonicZip.dll
Native extension for WindowsStandalone target not found
Native extension for WebGL target not found
Refreshing native plugins compatible for Editor in 0.90 ms, found 3 plugins.
Preloading 0 native plugins for Editor in 0.00 ms.
Mono: successfully reloaded assembly
- Completed reload, in  1.222 seconds
Domain Reload Profiling:
	ReloadAssembly (1223ms)
		BeginReloadAssembly (202ms)
			ExecutionOrderSort (0ms)
			DisableScriptedObjects (7ms)
			BackupInstance (0ms)
			ReleaseScriptingObjects (0ms)
			CreateAndSetChildDomain (23ms)
		EndReloadAssembly (920ms)
			LoadAssemblies (79ms)
			RebuildTransferFunctionScriptingTraits (0ms)
			SetupTypeCache (255ms)
			ReleaseScriptCaches (1ms)
			RebuildScriptCaches (54ms)
			SetupLoadedEditorAssemblies (387ms)
				LogAssemblyErrors (0ms)
				InitializePlatformSupportModulesInManaged (15ms)
				SetLoadedEditorAssemblies (1ms)
				RefreshPlugins (1ms)
				BeforeProcessingInitializeOnLoad (89ms)
				ProcessInitializeOnLoadAttributes (253ms)
				ProcessInitializeOnLoadMethodAttributes (26ms)
				AfterProcessingInitializeOnLoad (3ms)
				EditorAssembliesLoaded (0ms)
			ExecutionOrderSort2 (0ms)
			AwakeInstancesAfterBackupRestoration (8ms)
Platform modules already initialized, skipping
========================================================================
Worker process is ready to serve import requests
Launched and connected shader compiler UnityShaderCompiler.exe after 0.06 seconds
Refreshing native plugins compatible for Editor in 0.53 ms, found 3 plugins.
Preloading 0 native plugins for Editor in 0.00 ms.
Unloading 3091 Unused Serialized files (Serialized files now loaded: 0)
Unloading 23 unused Assets / (55.6 KB). Loaded Objects now: 3550.
Memory consumption went from 110.6 MB to 110.5 MB.
Total: 6.410700 ms (FindLiveObjects: 0.386900 ms CreateObjectMapping: 0.552500 ms MarkObjects: 5.346700 ms  DeleteObjects: 0.123600 ms)

AssetImportParameters requested are different than current active one (requested -> active):
  custom:video-decoder-ogg-theora: a1e56fd34408186e4bbccfd4996cb3dc -> 
  custom:container-muxer-webm: aa71ff27fc2769a1b78a27578f13a17b -> 
  custom:container-demuxer-webm: 4f35f7cbe854078d1ac9338744f61a02 -> 
  custom:video-encoder-webm-vp8: eb34c28f22e8b96e1ab97ce403110664 -> 
  custom:video-codec-MediaFoundation-h265: 746d11721c4dcdbdad8f713fa42b33f4 -> 
  custom:audio-encoder-webm-vorbis: bf7c407c2cedff20999df2af8eb42d56 -> 
  custom:framework-win-MediaFoundation: 216162199b28c13a410421893ffa2e32 -> 
  custom:container-demuxer-ogg: 62fdf1f143b41e24485cea50d1cbac27 -> 
  custom:video-decoder-webm-vp8: 9c59270c3fd7afecdb556c50c9e8de78 -> 
  custom:audio-decoder-ogg-vorbis: bf7c407c2cedff20999df2af8eb42d56 -> 
========================================================================
Received Import Request.
  Time since last request: 1540868.567302 seconds.
  path: Assets/material/cilindro.mat
  artifactKey: Guid(d2e3a272de4d34b7d85b09e98035614b) Importer(815301076,1909f56bfc062723c751e8b465ee728b)
Start importing Assets/material/cilindro.mat using Guid(d2e3a272de4d34b7d85b09e98035614b) Importer(815301076,1909f56bfc062723c751e8b465ee728b)  -> (artifact id: '0c4ce7d2baa0d0dc8916f7e53ae74665') in 0.541508 seconds 
========================================================================
Received Import Request.
  Time since last request: 0.000046 seconds.
  path: Assets/Materials/Edificio.mat
  artifactKey: Guid(46b48a9936991a44497d82b7c46127a1) Importer(815301076,1909f56bfc062723c751e8b465ee728b)
Start importing Assets/Materials/Edificio.mat using Guid(46b48a9936991a44497d82b7c46127a1) Importer(815301076,1909f56bfc062723c751e8b465ee728b)  -> (artifact id: '015096787c5fe6d037d8d2c02d339086') in 0.022358 seconds 
========================================================================
Received Import Request.
  Time since last request: 0.000048 seconds.
  path: Assets/material/New Material 9.mat
  artifactKey: Guid(e6621bdaaf2be4da98f74cb63ebf62c4) Importer(815301076,1909f56bfc062723c751e8b465ee728b)
Start importing Assets/material/New Material 9.mat using Guid(e6621bdaaf2be4da98f74cb63ebf62c4) Importer(815301076,1909f56bfc062723c751e8b465ee728b)  -> (artifact id: '6e88ef4c93c3bddd9bc7c74d051df6a1') in 0.030468 seconds 
========================================================================
Received Import Request.
  Time since last request: 0.000044 seconds.
  path: Assets/Materials/Material e3.mat
  artifactKey: Guid(e1c00c596d6d20a4c88858fb35b08514) Importer(815301076,1909f56bfc062723c751e8b465ee728b)
Start importing Assets/Materials/Material e3.mat using Guid(e1c00c596d6d20a4c88858fb35b08514) Importer(815301076,1909f56bfc062723c751e8b465ee728b)  -> (artifact id: 'c4da2d87d916b0b5fb1305a84d05b295') in 0.015037 seconds 
========================================================================
Received Import Request.
  Time since last request: 0.000039 seconds.
  path: Assets/material/New Material 8.mat
  artifactKey: Guid(b3b427e2ff3334f97b1fbabcd3c75171) Importer(815301076,1909f56bfc062723c751e8b465ee728b)
Start importing Assets/material/New Material 8.mat using Guid(b3b427e2ff3334f97b1fbabcd3c75171) Importer(815301076,1909f56bfc062723c751e8b465ee728b)  -> (artifact id: '593cbd156609778388ab57552b817196') in 0.167499 seconds 
========================================================================
Received Import Request.
  Time since last request: 0.000028 seconds.
  path: Assets/material/esfera.mat
  artifactKey: Guid(8f782c3cdb7a043488a9fa3df7ca918c) Importer(815301076,1909f56bfc062723c751e8b465ee728b)
Start importing Assets/material/esfera.mat using Guid(8f782c3cdb7a043488a9fa3df7ca918c) Importer(815301076,1909f56bfc062723c751e8b465ee728b)  -> (artifact id: 'a2745a0871dac160957b65273ccd88c0') in 0.015533 seconds 
========================================================================
Received Import Request.
  Time since last request: 0.000029 seconds.
  path: Assets/material/New Material 7.mat
  artifactKey: Guid(60b8315df7bb74869b866a1c327d8952) Importer(815301076,1909f56bfc062723c751e8b465ee728b)
Start importing Assets/material/New Material 7.mat using Guid(60b8315df7bb74869b866a1c327d8952) Importer(815301076,1909f56bfc062723c751e8b465ee728b)  -> (artifact id: 'ccd746ca8d9290c534e618e4abe1cf93') in 0.015453 seconds 
========================================================================
Received Import Request.
  Time since last request: 0.000029 seconds.
  path: Assets/material/New Material 4.mat
  artifactKey: Guid(90c8f5b9a432c4cdc9aeba89107c787f) Importer(815301076,1909f56bfc062723c751e8b465ee728b)
Start importing Assets/material/New Material 4.mat using Guid(90c8f5b9a432c4cdc9aeba89107c787f) Importer(815301076,1909f56bfc062723c751e8b465ee728b)  -> (artifact id: '387ab345137dc903bdde16b16054c1a8') in 0.015254 seconds 
========================================================================
Received Import Request.
  Time since last request: 645.603999 seconds.
  path: Assets/Materials/New Material 3.mat
  artifactKey: Guid(a65f2465caf9245c7a038221b56147f8) Importer(815301076,1909f56bfc062723c751e8b465ee728b)
Start importing Assets/Materials/New Material 3.mat using Guid(a65f2465caf9245c7a038221b56147f8) Importer(815301076,1909f56bfc062723c751e8b465ee728b)  -> (artifact id: 'b122a3b0b50dac60f8b341d0b3ee6dba') in 0.038846 seconds 
========================================================================
Received Import Request.
  Time since last request: 84.826153 seconds.
  path: Assets/textures/images.jpg
  artifactKey: Guid(c256cb05f0ae64245b653efcc34ba990) Importer(815301076,1909f56bfc062723c751e8b465ee728b)
Start importing Assets/textures/images.jpg using Guid(c256cb05f0ae64245b653efcc34ba990) Importer(815301076,1909f56bfc062723c751e8b465ee728b)  -> (artifact id: '3cdbce90c486c923b243541e9d980345') in 0.120505 seconds 
========================================================================
Received Import Request.
  Time since last request: 0.000032 seconds.
  path: Assets/textures/textura-mineral-blanca-5739893.jpg
  artifactKey: Guid(686656d2b9023b54481fc0ea39696afb) Importer(815301076,1909f56bfc062723c751e8b465ee728b)
Start importing Assets/textures/textura-mineral-blanca-5739893.jpg using Guid(686656d2b9023b54481fc0ea39696afb) Importer(815301076,1909f56bfc062723c751e8b465ee728b)  -> (artifact id: '8355d7d3f115b05e09331b2174e5eaaf') in 0.037521 seconds 
========================================================================
Received Import Request.
  Time since last request: 0.000046 seconds.
  path: Assets/textures/mhX54GS.jpg
  artifactKey: Guid(da77a8144e27eb7418f586bc8c149215) Importer(815301076,1909f56bfc062723c751e8b465ee728b)
Start importing Assets/textures/mhX54GS.jpg using Guid(da77a8144e27eb7418f586bc8c149215) Importer(815301076,1909f56bfc062723c751e8b465ee728b)  -> (artifact id: '4058360f4ae23664e09df5ae253ce85e') in 0.020305 seconds 
========================================================================
Received Import Request.
  Time since last request: 84.895094 seconds.
  path: Assets/Prefabs/New Terrain 1.asset
  artifactKey: Guid(13d174f16becceb4b8b89aad415abcb8) Importer(815301076,1909f56bfc062723c751e8b465ee728b)
Start importing Assets/Prefabs/New Terrain 1.asset using Guid(13d174f16becceb4b8b89aad415abcb8) Importer(815301076,1909f56bfc062723c751e8b465ee728b) 
=================================================================
	Native Crash Reporting
=================================================================
Got a UNKNOWN while executing native code. This usually indicates
a fatal error in the mono runtime or one of the native libraries 
used by your application.
=================================================================

=================================================================
	Managed Stacktrace:
=================================================================
=================================================================
Received signal SIGSEGV
Obtained 29 stack frames
0x00007ff739471e59 (Unity) CreateAssetToGUIDMappingV2
0x00007ff73940f2ca (Unity) AssetDatabase::CreateAssetToGUIDMapping
0x00007ff738935a8f (Unity) SplatDatabase::CreateTerrainLayerAsset
0x00007ff738933d50 (Unity) SplatDatabase::ConvertSplatsToTerrainLayers
0x00007ff73893061c (Unity) SplatDatabase::AwakeFromLoad
0x00007ff738962306 (Unity) TerrainData::AwakeFromLoad
0x00007ff7381a8aaf (Unity) AwakeFromLoadQueue::InvokePersistentManagerAwake
0x00007ff7381a951c (Unity) AwakeFromLoadQueue::PersistentManagerAwakeFromLoad
0x00007ff7381a9673 (Unity) AwakeFromLoadQueue::PersistentManagerAwakeFromLoad
0x00007ff73817bf2f (Unity) PersistentManager::IntegrateAllThreadedObjects
0x00007ff73817c997 (Unity) PersistentManager::LoadAndIntegrateAllPreallocatedObjects
0x00007ff738180852 (Unity) PersistentManager::ReadObject
0x00007ff739401201 (Unity) WritePreviews
0x00007ff7393f96e5 (Unity) PreviewImporter::GenerateAssetData
0x00007ff7394b4169 (Unity) ImportToObjects
0x00007ff7394b30d3 (Unity) ImportAsset
0x00007ff73943cb3d (Unity) AssetImportWorker::Import
0x00007ff73946b70d (Unity) <lambda_ca53b573172fc28aace6b3c957685a93>::operator()
0x00007ff7394ff9f2 (Unity) asio::detail::completion_handler<core::mutable_function<void __cdecl(void)> >::do_complete
0x00007ff739501c7d (Unity) asio::detail::win_iocp_io_service::do_one
0x00007ff73950509e (Unity) asio::io_service::run
0x00007ff7394fde91 (Unity) IOService::Run
0x00007ff739497588 (Unity) RunAssetImportWorkerClientV2
0x00007ff73949765b (Unity) RunAssetImporterV2
0x00007ff738cdedac (Unity) Application::InitializeProject
0x00007ff739129de8 (Unity) WinMain
0x00007ff73a4392c2 (Unity) __scrt_common_main_seh
0x00007ffdaa667c24 (KERNEL32) BaseThreadInitThunk
0x00007ffdab58d721 (ntdll) RtlUserThreadStart

